[DEBUG][22-03-30][org.apache.ibatis.logging.LogFactory]Logging initialized using 'class org.apache.ibatis.logging.log4j.Log4jImpl' adapter.
[DEBUG][22-03-30][org.apache.ibatis.logging.LogFactory]Logging initialized using 'class org.apache.ibatis.logging.log4j.Log4jImpl' adapter.
[DEBUG][22-03-30][org.apache.ibatis.datasource.pooled.PooledDataSource]PooledDataSource forcefully closed/removed all connections.
[DEBUG][22-03-30][org.apache.ibatis.datasource.pooled.PooledDataSource]PooledDataSource forcefully closed/removed all connections.
[DEBUG][22-03-30][org.apache.ibatis.datasource.pooled.PooledDataSource]PooledDataSource forcefully closed/removed all connections.
[DEBUG][22-03-30][org.apache.ibatis.datasource.pooled.PooledDataSource]PooledDataSource forcefully closed/removed all connections.
[DEBUG][22-03-30][org.apache.ibatis.transaction.jdbc.JdbcTransaction]Opening JDBC Connection
[DEBUG][22-03-30][org.apache.ibatis.datasource.pooled.PooledDataSource]Created connection 1772160903.
[DEBUG][22-03-30][org.apache.ibatis.transaction.jdbc.JdbcTransaction]Setting autocommit to false on JDBC Connection [com.mysql.jdbc.JDBC4Connection@69a10787]
[DEBUG][22-03-30][com.lsq.dao.UserMapper.selectUserById]==>  Preparing: select id , name , pwd from user where id = ? 
[DEBUG][22-03-30][com.lsq.dao.UserMapper.selectUserById]==> Parameters: 1(Integer)
[DEBUG][22-03-30][com.lsq.dao.UserMapper.selectUserById]<==      Total: 1
[DEBUG][22-03-30][org.apache.ibatis.transaction.jdbc.JdbcTransaction]Resetting autocommit to true on JDBC Connection [com.mysql.jdbc.JDBC4Connection@69a10787]
[DEBUG][22-03-30][org.apache.ibatis.transaction.jdbc.JdbcTransaction]Closing JDBC Connection [com.mysql.jdbc.JDBC4Connection@69a10787]
[DEBUG][22-03-30][org.apache.ibatis.datasource.pooled.PooledDataSource]Returned connection 1772160903 to pool.
[INFO][22-03-30][com.lsq.dao.MyTest]info：进入selectUser方法
[DEBUG][22-03-30][com.lsq.dao.MyTest]debug：进入selectUser方法
[ERROR][22-03-30][com.lsq.dao.MyTest]error: 进入selectUser方法
[DEBUG][22-03-30][org.apache.ibatis.transaction.jdbc.JdbcTransaction]Opening JDBC Connection
[DEBUG][22-03-30][org.apache.ibatis.datasource.pooled.PooledDataSource]Checked out connection 1772160903 from pool.
[DEBUG][22-03-30][org.apache.ibatis.transaction.jdbc.JdbcTransaction]Setting autocommit to false on JDBC Connection [com.mysql.jdbc.JDBC4Connection@69a10787]
[DEBUG][22-03-30][com.lsq.dao.UserMapper.selectUserLog]==>  Preparing: select * from user 
[DEBUG][22-03-30][com.lsq.dao.UserMapper.selectUserLog]==> Parameters: 
[DEBUG][22-03-30][com.lsq.dao.UserMapper.selectUserLog]<==      Total: 5
[DEBUG][22-03-30][org.apache.ibatis.transaction.jdbc.JdbcTransaction]Resetting autocommit to true on JDBC Connection [com.mysql.jdbc.JDBC4Connection@69a10787]
[DEBUG][22-03-30][org.apache.ibatis.transaction.jdbc.JdbcTransaction]Closing JDBC Connection [com.mysql.jdbc.JDBC4Connection@69a10787]
[DEBUG][22-03-30][org.apache.ibatis.datasource.pooled.PooledDataSource]Returned connection 1772160903 to pool.
[DEBUG][22-03-30][org.apache.ibatis.transaction.jdbc.JdbcTransaction]Opening JDBC Connection
[DEBUG][22-03-30][org.apache.ibatis.datasource.pooled.PooledDataSource]Checked out connection 1772160903 from pool.
[DEBUG][22-03-30][org.apache.ibatis.transaction.jdbc.JdbcTransaction]Setting autocommit to false on JDBC Connection [com.mysql.jdbc.JDBC4Connection@69a10787]
[DEBUG][22-03-30][com.lsq.dao.UserMapper.selectUserLimit]==>  Preparing: select * from user limit ?,? 
[DEBUG][22-03-30][com.lsq.dao.UserMapper.selectUserLimit]==> Parameters: 2(Integer), 2(Integer)
[DEBUG][22-03-30][com.lsq.dao.UserMapper.selectUserLimit]<==      Total: 2
[DEBUG][22-03-30][org.apache.ibatis.transaction.jdbc.JdbcTransaction]Resetting autocommit to true on JDBC Connection [com.mysql.jdbc.JDBC4Connection@69a10787]
[DEBUG][22-03-30][org.apache.ibatis.transaction.jdbc.JdbcTransaction]Closing JDBC Connection [com.mysql.jdbc.JDBC4Connection@69a10787]
[DEBUG][22-03-30][org.apache.ibatis.datasource.pooled.PooledDataSource]Returned connection 1772160903 to pool.
[DEBUG][22-03-30][org.apache.ibatis.transaction.jdbc.JdbcTransaction]Opening JDBC Connection
[DEBUG][22-03-30][org.apache.ibatis.datasource.pooled.PooledDataSource]Checked out connection 1772160903 from pool.
[DEBUG][22-03-30][org.apache.ibatis.transaction.jdbc.JdbcTransaction]Setting autocommit to false on JDBC Connection [com.mysql.jdbc.JDBC4Connection@69a10787]
[DEBUG][22-03-30][com.lsq.dao.UserMapper.getUserByRowBounds]==>  Preparing: select * from user 
[DEBUG][22-03-30][com.lsq.dao.UserMapper.getUserByRowBounds]==> Parameters: 
[DEBUG][22-03-30][org.apache.ibatis.transaction.jdbc.JdbcTransaction]Resetting autocommit to true on JDBC Connection [com.mysql.jdbc.JDBC4Connection@69a10787]
[DEBUG][22-03-30][org.apache.ibatis.transaction.jdbc.JdbcTransaction]Closing JDBC Connection [com.mysql.jdbc.JDBC4Connection@69a10787]
[DEBUG][22-03-30][org.apache.ibatis.datasource.pooled.PooledDataSource]Returned connection 1772160903 to pool.
[DEBUG][22-03-30][org.apache.ibatis.logging.LogFactory]Logging initialized using 'class org.apache.ibatis.logging.log4j.Log4jImpl' adapter.
[DEBUG][22-03-30][org.apache.ibatis.logging.LogFactory]Logging initialized using 'class org.apache.ibatis.logging.log4j.Log4jImpl' adapter.
[DEBUG][22-03-30][org.apache.ibatis.datasource.pooled.PooledDataSource]PooledDataSource forcefully closed/removed all connections.
[DEBUG][22-03-30][org.apache.ibatis.datasource.pooled.PooledDataSource]PooledDataSource forcefully closed/removed all connections.
[DEBUG][22-03-30][org.apache.ibatis.datasource.pooled.PooledDataSource]PooledDataSource forcefully closed/removed all connections.
[DEBUG][22-03-30][org.apache.ibatis.datasource.pooled.PooledDataSource]PooledDataSource forcefully closed/removed all connections.
[DEBUG][22-03-30][org.apache.ibatis.transaction.jdbc.JdbcTransaction]Opening JDBC Connection
[DEBUG][22-03-30][org.apache.ibatis.datasource.pooled.PooledDataSource]Created connection 1772160903.
[DEBUG][22-03-30][org.apache.ibatis.transaction.jdbc.JdbcTransaction]Setting autocommit to false on JDBC Connection [com.mysql.jdbc.JDBC4Connection@69a10787]
[DEBUG][22-03-30][com.lsq.dao.UserMapper.selectUserById]==>  Preparing: select id , name , pwd from user where id = ? 
[DEBUG][22-03-30][com.lsq.dao.UserMapper.selectUserById]==> Parameters: 1(Integer)
[DEBUG][22-03-30][com.lsq.dao.UserMapper.selectUserById]<==      Total: 1
[DEBUG][22-03-30][org.apache.ibatis.transaction.jdbc.JdbcTransaction]Resetting autocommit to true on JDBC Connection [com.mysql.jdbc.JDBC4Connection@69a10787]
[DEBUG][22-03-30][org.apache.ibatis.transaction.jdbc.JdbcTransaction]Closing JDBC Connection [com.mysql.jdbc.JDBC4Connection@69a10787]
[DEBUG][22-03-30][org.apache.ibatis.datasource.pooled.PooledDataSource]Returned connection 1772160903 to pool.
[INFO][22-03-30][com.lsq.dao.MyTest]info：进入selectUser方法
[DEBUG][22-03-30][com.lsq.dao.MyTest]debug：进入selectUser方法
[ERROR][22-03-30][com.lsq.dao.MyTest]error: 进入selectUser方法
[DEBUG][22-03-30][org.apache.ibatis.transaction.jdbc.JdbcTransaction]Opening JDBC Connection
[DEBUG][22-03-30][org.apache.ibatis.datasource.pooled.PooledDataSource]Checked out connection 1772160903 from pool.
[DEBUG][22-03-30][org.apache.ibatis.transaction.jdbc.JdbcTransaction]Setting autocommit to false on JDBC Connection [com.mysql.jdbc.JDBC4Connection@69a10787]
[DEBUG][22-03-30][com.lsq.dao.UserMapper.selectUserLog]==>  Preparing: select * from user 
[DEBUG][22-03-30][com.lsq.dao.UserMapper.selectUserLog]==> Parameters: 
[DEBUG][22-03-30][com.lsq.dao.UserMapper.selectUserLog]<==      Total: 5
[DEBUG][22-03-30][org.apache.ibatis.transaction.jdbc.JdbcTransaction]Resetting autocommit to true on JDBC Connection [com.mysql.jdbc.JDBC4Connection@69a10787]
[DEBUG][22-03-30][org.apache.ibatis.transaction.jdbc.JdbcTransaction]Closing JDBC Connection [com.mysql.jdbc.JDBC4Connection@69a10787]
[DEBUG][22-03-30][org.apache.ibatis.datasource.pooled.PooledDataSource]Returned connection 1772160903 to pool.
[DEBUG][22-03-30][org.apache.ibatis.transaction.jdbc.JdbcTransaction]Opening JDBC Connection
[DEBUG][22-03-30][org.apache.ibatis.datasource.pooled.PooledDataSource]Checked out connection 1772160903 from pool.
[DEBUG][22-03-30][org.apache.ibatis.transaction.jdbc.JdbcTransaction]Setting autocommit to false on JDBC Connection [com.mysql.jdbc.JDBC4Connection@69a10787]
[DEBUG][22-03-30][com.lsq.dao.UserMapper.selectUserLimit]==>  Preparing: select * from user limit ?,? 
[DEBUG][22-03-30][com.lsq.dao.UserMapper.selectUserLimit]==> Parameters: 2(Integer), 2(Integer)
[DEBUG][22-03-30][com.lsq.dao.UserMapper.selectUserLimit]<==      Total: 2
[DEBUG][22-03-30][org.apache.ibatis.transaction.jdbc.JdbcTransaction]Resetting autocommit to true on JDBC Connection [com.mysql.jdbc.JDBC4Connection@69a10787]
[DEBUG][22-03-30][org.apache.ibatis.transaction.jdbc.JdbcTransaction]Closing JDBC Connection [com.mysql.jdbc.JDBC4Connection@69a10787]
[DEBUG][22-03-30][org.apache.ibatis.datasource.pooled.PooledDataSource]Returned connection 1772160903 to pool.
[DEBUG][22-03-30][org.apache.ibatis.transaction.jdbc.JdbcTransaction]Opening JDBC Connection
[DEBUG][22-03-30][org.apache.ibatis.datasource.pooled.PooledDataSource]Checked out connection 1772160903 from pool.
[DEBUG][22-03-30][org.apache.ibatis.transaction.jdbc.JdbcTransaction]Setting autocommit to false on JDBC Connection [com.mysql.jdbc.JDBC4Connection@69a10787]
[DEBUG][22-03-30][com.lsq.dao.UserMapper.getUserByRowBounds]==>  Preparing: select * from user 
[DEBUG][22-03-30][com.lsq.dao.UserMapper.getUserByRowBounds]==> Parameters: 
[DEBUG][22-03-30][org.apache.ibatis.transaction.jdbc.JdbcTransaction]Resetting autocommit to true on JDBC Connection [com.mysql.jdbc.JDBC4Connection@69a10787]
[DEBUG][22-03-30][org.apache.ibatis.transaction.jdbc.JdbcTransaction]Closing JDBC Connection [com.mysql.jdbc.JDBC4Connection@69a10787]
[DEBUG][22-03-30][org.apache.ibatis.datasource.pooled.PooledDataSource]Returned connection 1772160903 to pool.
